<?xml version="1.0" encoding="UTF-8"?>
<!-- Generated by org.testng.reporters.JUnitXMLReporter -->
<testsuite ignored="1" hostname="DESKTOP-SB77N2B" failures="0" tests="1" name="Default test" time="9.652" errors="0" timestamp="2023-07-17T12:03:39 IST">
  <testcase classname="testfile.TestFile" name="checkUnsuccessfulLogin" time="6.994"/>
  <testcase classname="testfile.TestFile" name="checkLoginFunctionality" time="0.0">
    <ignored/>
  </testcase> <!-- checkLoginFunctionality -->
</testsuite> <!-- Default test -->
