<?xml version="1.0" encoding="UTF-8"?>
<testng-results ignored="1" total="2" passed="1" failed="0" skipped="0">
  <reporter-output>
  </reporter-output>
  <suite started-at="2023-07-17T12:03:30 IST" name="Default suite" finished-at="2023-07-17T12:03:39 IST" duration-ms="9652">
    <groups>
    </groups>
    <test started-at="2023-07-17T12:03:30 IST" name="Default test" finished-at="2023-07-17T12:03:39 IST" duration-ms="9652">
      <class name="testfile.TestFile">
        <test-method is-config="true" signature="setup()[pri:0, instance:testfile.TestFile@515c6049]" started-at="2023-07-17T12:03:30 IST" name="setup" finished-at="2023-07-17T12:03:32 IST" duration-ms="2364" status="PASS">
          <reporter-output>
          </reporter-output>
        </test-method> <!-- setup -->
        <test-method signature="checkUnsuccessfulLogin()[pri:0, instance:testfile.TestFile@515c6049]" started-at="2023-07-17T12:03:32 IST" name="checkUnsuccessfulLogin" finished-at="2023-07-17T12:03:39 IST" duration-ms="6994" status="PASS">
          <reporter-output>
          </reporter-output>
        </test-method> <!-- checkUnsuccessfulLogin -->
        <test-method is-config="true" signature="tearDown()[pri:0, instance:testfile.TestFile@515c6049]" started-at="2023-07-17T12:03:39 IST" name="tearDown" finished-at="2023-07-17T12:03:39 IST" duration-ms="232" status="PASS">
          <reporter-output>
          </reporter-output>
        </test-method> <!-- tearDown -->
      </class> <!-- testfile.TestFile -->
    </test> <!-- Default test -->
  </suite> <!-- Default suite -->
</testng-results>
